0 info it worked if it ends with ok
1 verbose cli [ '/Users/jacksonmartoranosantana/.nvm/versions/node/v5.6.0/bin/node',
1 verbose cli   '/Users/jacksonmartoranosantana/.nvm/versions/node/v5.6.0/bin/npm',
1 verbose cli   'run',
1 verbose cli   'check-coverage' ]
2 info using npm@3.7.2
3 info using node@v5.6.0
4 verbose run-script [ 'precheck-coverage', 'check-coverage', 'postcheck-coverage' ]
5 info lifecycle typesafety@0.0.1-semantically-released~precheck-coverage: typesafety@0.0.1-semantically-released
6 silly lifecycle typesafety@0.0.1-semantically-released~precheck-coverage: no script for precheck-coverage, continuing
7 info lifecycle typesafety@0.0.1-semantically-released~check-coverage: typesafety@0.0.1-semantically-released
8 verbose lifecycle typesafety@0.0.1-semantically-released~check-coverage: unsafe-perm in lifecycle true
9 verbose lifecycle typesafety@0.0.1-semantically-released~check-coverage: PATH: /Users/jacksonmartoranosantana/.nvm/versions/node/v5.6.0/lib/node_modules/npm/bin/node-gyp-bin:/Users/jacksonmartoranosantana/Projects/Patchwork/Library/TypeSafety/node_modules/.bin:/Users/jacksonmartoranosantana/.nvm/versions/node/v5.6.0/bin:/Users/jacksonmartoranosantana/.nvm/versions/node/v5.6.0/bin:/Users/jacksonmartoranosantana/.dotfiles/bin:/usr/local/sbin:/Users/jacksonmartoranosantana/phantomjs-2.1.1-macosx/bin:/usr/local/bin:/usr/local/bin:/usr/bin:/bin:/usr/sbin:/sbin
10 verbose lifecycle typesafety@0.0.1-semantically-released~check-coverage: CWD: /Users/jacksonmartoranosantana/Projects/Patchwork/Library/TypeSafety
11 silly lifecycle typesafety@0.0.1-semantically-released~check-coverage: Args: [ '-c',
11 silly lifecycle   'istanbul check-coverage --statements 100 --branches 100 --functions 100 --lines 100' ]
12 silly lifecycle typesafety@0.0.1-semantically-released~check-coverage: Returned: code: 1  signal: null
13 info lifecycle typesafety@0.0.1-semantically-released~check-coverage: Failed to exec check-coverage script
14 verbose stack Error: typesafety@0.0.1-semantically-released check-coverage: `istanbul check-coverage --statements 100 --branches 100 --functions 100 --lines 100`
14 verbose stack Exit status 1
14 verbose stack     at EventEmitter.<anonymous> (/Users/jacksonmartoranosantana/.nvm/versions/node/v5.6.0/lib/node_modules/npm/lib/utils/lifecycle.js:239:16)
14 verbose stack     at emitTwo (events.js:100:13)
14 verbose stack     at EventEmitter.emit (events.js:185:7)
14 verbose stack     at ChildProcess.<anonymous> (/Users/jacksonmartoranosantana/.nvm/versions/node/v5.6.0/lib/node_modules/npm/lib/utils/spawn.js:24:14)
14 verbose stack     at emitTwo (events.js:100:13)
14 verbose stack     at ChildProcess.emit (events.js:185:7)
14 verbose stack     at maybeClose (internal/child_process.js:827:16)
14 verbose stack     at Process.ChildProcess._handle.onexit (internal/child_process.js:211:5)
15 verbose pkgid typesafety@0.0.1-semantically-released
16 verbose cwd /Users/jacksonmartoranosantana/Projects/Patchwork/Library/TypeSafety
17 error Darwin 15.2.0
18 error argv "/Users/jacksonmartoranosantana/.nvm/versions/node/v5.6.0/bin/node" "/Users/jacksonmartoranosantana/.nvm/versions/node/v5.6.0/bin/npm" "run" "check-coverage"
19 error node v5.6.0
20 error npm  v3.7.2
21 error code ELIFECYCLE
22 error typesafety@0.0.1-semantically-released check-coverage: `istanbul check-coverage --statements 100 --branches 100 --functions 100 --lines 100`
22 error Exit status 1
23 error Failed at the typesafety@0.0.1-semantically-released check-coverage script 'istanbul check-coverage --statements 100 --branches 100 --functions 100 --lines 100'.
23 error Make sure you have the latest version of node.js and npm installed.
23 error If you do, this is most likely a problem with the typesafety package,
23 error not with npm itself.
23 error Tell the author that this fails on your system:
23 error     istanbul check-coverage --statements 100 --branches 100 --functions 100 --lines 100
23 error You can get information on how to open an issue for this project with:
23 error     npm bugs typesafety
23 error Or if that isn't available, you can get their info via:
23 error     npm owner ls typesafety
23 error There is likely additional logging output above.
24 verbose exit [ 1, true ]
